<testsuites id="" name="" tests="8" failures="8" skipped="0" errors="0" time="64.10410499999999">
<testsuite name="critical-flows/patient-management.spec.ts" timestamp="2025-09-03T23:58:00.697Z" hostname="chromium" tests="8" failures="8" skipped="0" time="246.441" errors="0">
<testcase name="Patient Management Critical Flows › should create a new patient with all required fields" classname="critical-flows/patient-management.spec.ts" time="30.874">
<failure message="patient-management.spec.ts:13:7 should create a new patient with all required fields" type="FAILURE">
<![CDATA[  [chromium] › critical-flows/patient-management.spec.ts:13:7 › Patient Management Critical Flows › should create a new patient with all required fields 

    Test timeout of 30000ms exceeded.

    Error: locator.click: Test timeout of 30000ms exceeded.
    Call log:
      - waiting for locator('[data-testid="new-patient-button"]')


       at utils/page-objects.ts:44

      42 |
      43 |   async clickNewPatient() {
    > 44 |     await this.newPatientButton.click();
         |                                 ^
      45 |     await this.page.waitForSelector(selectors.modals.patientModal);
      46 |   }
      47 |
        at PatientPage.clickNewPatient (/Volumes/BestDOC/Scheduler/tests/e2e/utils/page-objects.ts:44:33)
        at /Volumes/BestDOC/Scheduler/tests/e2e/critical-flows/patient-management.spec.ts:15:23

    attachment #1: screenshot (image/png) ──────────────────────────────────────────────────────────
    ../../test-results/critical-flows-patient-man-2b226-nt-with-all-required-fields-chromium/test-failed-1.png
    ────────────────────────────────────────────────────────────────────────────────────────────────

    attachment #2: video (video/webm) ──────────────────────────────────────────────────────────────
    ../../test-results/critical-flows-patient-man-2b226-nt-with-all-required-fields-chromium/video.webm
    ────────────────────────────────────────────────────────────────────────────────────────────────

    Error Context: ../../test-results/critical-flows-patient-man-2b226-nt-with-all-required-fields-chromium/error-context.md
]]>
</failure>
<system-out>
<![CDATA[
[[ATTACHMENT|critical-flows-patient-man-2b226-nt-with-all-required-fields-chromium/test-failed-1.png]]

[[ATTACHMENT|critical-flows-patient-man-2b226-nt-with-all-required-fields-chromium/video.webm]]

[[ATTACHMENT|critical-flows-patient-man-2b226-nt-with-all-required-fields-chromium/error-context.md]]
]]>
</system-out>
</testcase>
<testcase name="Patient Management Critical Flows › should create a new patient with minimal required fields" classname="critical-flows/patient-management.spec.ts" time="30.853">
<failure message="patient-management.spec.ts:30:7 should create a new patient with minimal required fields" type="FAILURE">
<![CDATA[  [chromium] › critical-flows/patient-management.spec.ts:30:7 › Patient Management Critical Flows › should create a new patient with minimal required fields 

    Test timeout of 30000ms exceeded.

    Error: locator.click: Test timeout of 30000ms exceeded.
    Call log:
      - waiting for locator('[data-testid="new-patient-button"]')


       at utils/page-objects.ts:44

      42 |
      43 |   async clickNewPatient() {
    > 44 |     await this.newPatientButton.click();
         |                                 ^
      45 |     await this.page.waitForSelector(selectors.modals.patientModal);
      46 |   }
      47 |
        at PatientPage.clickNewPatient (/Volumes/BestDOC/Scheduler/tests/e2e/utils/page-objects.ts:44:33)
        at /Volumes/BestDOC/Scheduler/tests/e2e/critical-flows/patient-management.spec.ts:32:23

    attachment #1: screenshot (image/png) ──────────────────────────────────────────────────────────
    ../../test-results/critical-flows-patient-man-50129-ith-minimal-required-fields-chromium/test-failed-1.png
    ────────────────────────────────────────────────────────────────────────────────────────────────

    attachment #2: video (video/webm) ──────────────────────────────────────────────────────────────
    ../../test-results/critical-flows-patient-man-50129-ith-minimal-required-fields-chromium/video.webm
    ────────────────────────────────────────────────────────────────────────────────────────────────

    Error Context: ../../test-results/critical-flows-patient-man-50129-ith-minimal-required-fields-chromium/error-context.md
]]>
</failure>
<system-out>
<![CDATA[
[[ATTACHMENT|critical-flows-patient-man-50129-ith-minimal-required-fields-chromium/test-failed-1.png]]

[[ATTACHMENT|critical-flows-patient-man-50129-ith-minimal-required-fields-chromium/video.webm]]

[[ATTACHMENT|critical-flows-patient-man-50129-ith-minimal-required-fields-chromium/error-context.md]]
]]>
</system-out>
</testcase>
<testcase name="Patient Management Critical Flows › should validate required fields when creating patient" classname="critical-flows/patient-management.spec.ts" time="30.896">
<failure message="patient-management.spec.ts:47:7 should validate required fields when creating patient" type="FAILURE">
<![CDATA[  [chromium] › critical-flows/patient-management.spec.ts:47:7 › Patient Management Critical Flows › should validate required fields when creating patient 

    Test timeout of 30000ms exceeded.

    Error: locator.click: Test timeout of 30000ms exceeded.
    Call log:
      - waiting for locator('[data-testid="new-patient-button"]')


       at utils/page-objects.ts:44

      42 |
      43 |   async clickNewPatient() {
    > 44 |     await this.newPatientButton.click();
         |                                 ^
      45 |     await this.page.waitForSelector(selectors.modals.patientModal);
      46 |   }
      47 |
        at PatientPage.clickNewPatient (/Volumes/BestDOC/Scheduler/tests/e2e/utils/page-objects.ts:44:33)
        at /Volumes/BestDOC/Scheduler/tests/e2e/critical-flows/patient-management.spec.ts:49:23

    attachment #1: screenshot (image/png) ──────────────────────────────────────────────────────────
    ../../test-results/critical-flows-patient-man-36c1d-ields-when-creating-patient-chromium/test-failed-1.png
    ────────────────────────────────────────────────────────────────────────────────────────────────

    attachment #2: video (video/webm) ──────────────────────────────────────────────────────────────
    ../../test-results/critical-flows-patient-man-36c1d-ields-when-creating-patient-chromium/video.webm
    ────────────────────────────────────────────────────────────────────────────────────────────────

    Error Context: ../../test-results/critical-flows-patient-man-36c1d-ields-when-creating-patient-chromium/error-context.md
]]>
</failure>
<system-out>
<![CDATA[
[[ATTACHMENT|critical-flows-patient-man-36c1d-ields-when-creating-patient-chromium/test-failed-1.png]]

[[ATTACHMENT|critical-flows-patient-man-36c1d-ields-when-creating-patient-chromium/video.webm]]

[[ATTACHMENT|critical-flows-patient-man-36c1d-ields-when-creating-patient-chromium/error-context.md]]
]]>
</system-out>
</testcase>
<testcase name="Patient Management Critical Flows › should cancel patient creation" classname="critical-flows/patient-management.spec.ts" time="31.006">
<failure message="patient-management.spec.ts:67:7 should cancel patient creation" type="FAILURE">
<![CDATA[  [chromium] › critical-flows/patient-management.spec.ts:67:7 › Patient Management Critical Flows › should cancel patient creation 

    Test timeout of 30000ms exceeded.

    Error: locator.click: Test timeout of 30000ms exceeded.
    Call log:
      - waiting for locator('[data-testid="new-patient-button"]')


       at utils/page-objects.ts:44

      42 |
      43 |   async clickNewPatient() {
    > 44 |     await this.newPatientButton.click();
         |                                 ^
      45 |     await this.page.waitForSelector(selectors.modals.patientModal);
      46 |   }
      47 |
        at PatientPage.clickNewPatient (/Volumes/BestDOC/Scheduler/tests/e2e/utils/page-objects.ts:44:33)
        at /Volumes/BestDOC/Scheduler/tests/e2e/critical-flows/patient-management.spec.ts:69:23

    attachment #1: screenshot (image/png) ──────────────────────────────────────────────────────────
    ../../test-results/critical-flows-patient-man-a4967-uld-cancel-patient-creation-chromium/test-failed-1.png
    ────────────────────────────────────────────────────────────────────────────────────────────────

    attachment #2: video (video/webm) ──────────────────────────────────────────────────────────────
    ../../test-results/critical-flows-patient-man-a4967-uld-cancel-patient-creation-chromium/video.webm
    ────────────────────────────────────────────────────────────────────────────────────────────────

    Error Context: ../../test-results/critical-flows-patient-man-a4967-uld-cancel-patient-creation-chromium/error-context.md
]]>
</failure>
<system-out>
<![CDATA[
[[ATTACHMENT|critical-flows-patient-man-a4967-uld-cancel-patient-creation-chromium/test-failed-1.png]]

[[ATTACHMENT|critical-flows-patient-man-a4967-uld-cancel-patient-creation-chromium/video.webm]]

[[ATTACHMENT|critical-flows-patient-man-a4967-uld-cancel-patient-creation-chromium/error-context.md]]
]]>
</system-out>
</testcase>
<testcase name="Patient Management Critical Flows › should edit an existing patient" classname="critical-flows/patient-management.spec.ts" time="30.892">
<failure message="patient-management.spec.ts:83:7 should edit an existing patient" type="FAILURE">
<![CDATA[  [chromium] › critical-flows/patient-management.spec.ts:83:7 › Patient Management Critical Flows › should edit an existing patient 

    Test timeout of 30000ms exceeded.

    Error: locator.click: Test timeout of 30000ms exceeded.
    Call log:
      - waiting for locator('[data-testid="new-patient-button"]')


       at utils/page-objects.ts:44

      42 |
      43 |   async clickNewPatient() {
    > 44 |     await this.newPatientButton.click();
         |                                 ^
      45 |     await this.page.waitForSelector(selectors.modals.patientModal);
      46 |   }
      47 |
        at PatientPage.clickNewPatient (/Volumes/BestDOC/Scheduler/tests/e2e/utils/page-objects.ts:44:33)
        at /Volumes/BestDOC/Scheduler/tests/e2e/critical-flows/patient-management.spec.ts:85:23

    attachment #1: screenshot (image/png) ──────────────────────────────────────────────────────────
    ../../test-results/critical-flows-patient-man-12da5-ld-edit-an-existing-patient-chromium/test-failed-1.png
    ────────────────────────────────────────────────────────────────────────────────────────────────

    attachment #2: video (video/webm) ──────────────────────────────────────────────────────────────
    ../../test-results/critical-flows-patient-man-12da5-ld-edit-an-existing-patient-chromium/video.webm
    ────────────────────────────────────────────────────────────────────────────────────────────────

    Error Context: ../../test-results/critical-flows-patient-man-12da5-ld-edit-an-existing-patient-chromium/error-context.md
]]>
</failure>
<system-out>
<![CDATA[
[[ATTACHMENT|critical-flows-patient-man-12da5-ld-edit-an-existing-patient-chromium/test-failed-1.png]]

[[ATTACHMENT|critical-flows-patient-man-12da5-ld-edit-an-existing-patient-chromium/video.webm]]

[[ATTACHMENT|critical-flows-patient-man-12da5-ld-edit-an-existing-patient-chromium/error-context.md]]
]]>
</system-out>
</testcase>
<testcase name="Patient Management Critical Flows › should search for patients" classname="critical-flows/patient-management.spec.ts" time="30.649">
<failure message="patient-management.spec.ts:106:7 should search for patients" type="FAILURE">
<![CDATA[  [chromium] › critical-flows/patient-management.spec.ts:106:7 › Patient Management Critical Flows › should search for patients 

    Test timeout of 30000ms exceeded.

    Error: locator.click: Test timeout of 30000ms exceeded.
    Call log:
      - waiting for locator('[data-testid="new-patient-button"]')


       at utils/page-objects.ts:44

      42 |
      43 |   async clickNewPatient() {
    > 44 |     await this.newPatientButton.click();
         |                                 ^
      45 |     await this.page.waitForSelector(selectors.modals.patientModal);
      46 |   }
      47 |
        at PatientPage.clickNewPatient (/Volumes/BestDOC/Scheduler/tests/e2e/utils/page-objects.ts:44:33)
        at /Volumes/BestDOC/Scheduler/tests/e2e/critical-flows/patient-management.spec.ts:108:23

    attachment #1: screenshot (image/png) ──────────────────────────────────────────────────────────
    ../../test-results/critical-flows-patient-man-8275a--should-search-for-patients-chromium/test-failed-1.png
    ────────────────────────────────────────────────────────────────────────────────────────────────

    attachment #2: video (video/webm) ──────────────────────────────────────────────────────────────
    ../../test-results/critical-flows-patient-man-8275a--should-search-for-patients-chromium/video.webm
    ────────────────────────────────────────────────────────────────────────────────────────────────

    Error Context: ../../test-results/critical-flows-patient-man-8275a--should-search-for-patients-chromium/error-context.md
]]>
</failure>
<system-out>
<![CDATA[
[[ATTACHMENT|critical-flows-patient-man-8275a--should-search-for-patients-chromium/test-failed-1.png]]

[[ATTACHMENT|critical-flows-patient-man-8275a--should-search-for-patients-chromium/video.webm]]

[[ATTACHMENT|critical-flows-patient-man-8275a--should-search-for-patients-chromium/error-context.md]]
]]>
</system-out>
</testcase>
<testcase name="Patient Management Critical Flows › should handle patient creation with invalid phone number" classname="critical-flows/patient-management.spec.ts" time="30.639">
<failure message="patient-management.spec.ts:124:7 should handle patient creation with invalid phone number" type="FAILURE">
<![CDATA[  [chromium] › critical-flows/patient-management.spec.ts:124:7 › Patient Management Critical Flows › should handle patient creation with invalid phone number 

    Test timeout of 30000ms exceeded.

    Error: locator.click: Test timeout of 30000ms exceeded.
    Call log:
      - waiting for locator('[data-testid="new-patient-button"]')


       at utils/page-objects.ts:44

      42 |
      43 |   async clickNewPatient() {
    > 44 |     await this.newPatientButton.click();
         |                                 ^
      45 |     await this.page.waitForSelector(selectors.modals.patientModal);
      46 |   }
      47 |
        at PatientPage.clickNewPatient (/Volumes/BestDOC/Scheduler/tests/e2e/utils/page-objects.ts:44:33)
        at /Volumes/BestDOC/Scheduler/tests/e2e/critical-flows/patient-management.spec.ts:126:23

    attachment #1: screenshot (image/png) ──────────────────────────────────────────────────────────
    ../../test-results/critical-flows-patient-man-92d48-n-with-invalid-phone-number-chromium/test-failed-1.png
    ────────────────────────────────────────────────────────────────────────────────────────────────

    attachment #2: video (video/webm) ──────────────────────────────────────────────────────────────
    ../../test-results/critical-flows-patient-man-92d48-n-with-invalid-phone-number-chromium/video.webm
    ────────────────────────────────────────────────────────────────────────────────────────────────

    Error Context: ../../test-results/critical-flows-patient-man-92d48-n-with-invalid-phone-number-chromium/error-context.md
]]>
</failure>
<system-out>
<![CDATA[
[[ATTACHMENT|critical-flows-patient-man-92d48-n-with-invalid-phone-number-chromium/test-failed-1.png]]

[[ATTACHMENT|critical-flows-patient-man-92d48-n-with-invalid-phone-number-chromium/video.webm]]

[[ATTACHMENT|critical-flows-patient-man-92d48-n-with-invalid-phone-number-chromium/error-context.md]]
]]>
</system-out>
</testcase>
<testcase name="Patient Management Critical Flows › should handle patient creation with invalid Google Maps link" classname="critical-flows/patient-management.spec.ts" time="30.632">
<failure message="patient-management.spec.ts:141:7 should handle patient creation with invalid Google Maps link" type="FAILURE">
<![CDATA[  [chromium] › critical-flows/patient-management.spec.ts:141:7 › Patient Management Critical Flows › should handle patient creation with invalid Google Maps link 

    Test timeout of 30000ms exceeded.

    Error: locator.click: Test timeout of 30000ms exceeded.
    Call log:
      - waiting for locator('[data-testid="new-patient-button"]')


       at utils/page-objects.ts:44

      42 |
      43 |   async clickNewPatient() {
    > 44 |     await this.newPatientButton.click();
         |                                 ^
      45 |     await this.page.waitForSelector(selectors.modals.patientModal);
      46 |   }
      47 |
        at PatientPage.clickNewPatient (/Volumes/BestDOC/Scheduler/tests/e2e/utils/page-objects.ts:44:33)
        at /Volumes/BestDOC/Scheduler/tests/e2e/critical-flows/patient-management.spec.ts:143:23

    attachment #1: screenshot (image/png) ──────────────────────────────────────────────────────────
    ../../test-results/critical-flows-patient-man-fbf4e-th-invalid-Google-Maps-link-chromium/test-failed-1.png
    ────────────────────────────────────────────────────────────────────────────────────────────────

    attachment #2: video (video/webm) ──────────────────────────────────────────────────────────────
    ../../test-results/critical-flows-patient-man-fbf4e-th-invalid-Google-Maps-link-chromium/video.webm
    ────────────────────────────────────────────────────────────────────────────────────────────────

    Error Context: ../../test-results/critical-flows-patient-man-fbf4e-th-invalid-Google-Maps-link-chromium/error-context.md
]]>
</failure>
<system-out>
<![CDATA[
[[ATTACHMENT|critical-flows-patient-man-fbf4e-th-invalid-Google-Maps-link-chromium/test-failed-1.png]]

[[ATTACHMENT|critical-flows-patient-man-fbf4e-th-invalid-Google-Maps-link-chromium/video.webm]]

[[ATTACHMENT|critical-flows-patient-man-fbf4e-th-invalid-Google-Maps-link-chromium/error-context.md]]
]]>
</system-out>
</testcase>
</testsuite>
</testsuites>